<?xml version="1.0" encoding="UTF-8"?>
<testsuite xmlns:xsi="http://www.w3.org/2001/XMLSchema-instance" xsi:noNamespaceSchemaLocation="https://maven.apache.org/surefire/maven-surefire-plugin/xsd/surefire-test-report.xsd" name="TestSuite" time="5.579" tests="3" errors="0" skipped="0" failures="0">
  <properties>
    <property name="gopherProxySet" value="false"/>
    <property name="awt.toolkit" value="sun.lwawt.macosx.LWCToolkit"/>
    <property name="file.encoding.pkg" value="sun.io"/>
    <property name="java.specification.version" value="1.8"/>
    <property name="sun.cpu.isalist" value=""/>
    <property name="sun.jnu.encoding" value="UTF-8"/>
    <property name="java.class.path" value="/Users/naveen/.m2/repository/org/apache/maven/surefire/surefire-booter/2.22.1/surefire-booter-2.22.1.jar:/Users/naveen/.m2/repository/org/apache/maven/surefire/surefire-api/2.22.1/surefire-api-2.22.1.jar:/Users/naveen/.m2/repository/org/apache/maven/surefire/surefire-logger-api/2.22.1/surefire-logger-api-2.22.1.jar:/Users/naveen/RestAssuredSample/target/test-classes:/Users/naveen/RestAssuredSample/target/classes:/Users/naveen/.m2/repository/io/rest-assured/rest-assured/3.3.0/rest-assured-3.3.0.jar:/Users/naveen/.m2/repository/org/codehaus/groovy/groovy/2.4.15/groovy-2.4.15.jar:/Users/naveen/.m2/repository/org/codehaus/groovy/groovy-xml/2.4.15/groovy-xml-2.4.15.jar:/Users/naveen/.m2/repository/org/apache/httpcomponents/httpclient/4.5.3/httpclient-4.5.3.jar:/Users/naveen/.m2/repository/org/apache/httpcomponents/httpcore/4.4.6/httpcore-4.4.6.jar:/Users/naveen/.m2/repository/commons-logging/commons-logging/1.2/commons-logging-1.2.jar:/Users/naveen/.m2/repository/commons-codec/commons-codec/1.9/commons-codec-1.9.jar:/Users/naveen/.m2/repository/org/apache/httpcomponents/httpmime/4.5.3/httpmime-4.5.3.jar:/Users/naveen/.m2/repository/org/hamcrest/hamcrest-core/1.3/hamcrest-core-1.3.jar:/Users/naveen/.m2/repository/org/hamcrest/hamcrest-library/1.3/hamcrest-library-1.3.jar:/Users/naveen/.m2/repository/org/ccil/cowan/tagsoup/tagsoup/1.2.1/tagsoup-1.2.1.jar:/Users/naveen/.m2/repository/io/rest-assured/json-path/3.3.0/json-path-3.3.0.jar:/Users/naveen/.m2/repository/org/codehaus/groovy/groovy-json/2.4.15/groovy-json-2.4.15.jar:/Users/naveen/.m2/repository/io/rest-assured/rest-assured-common/3.3.0/rest-assured-common-3.3.0.jar:/Users/naveen/.m2/repository/io/rest-assured/xml-path/3.3.0/xml-path-3.3.0.jar:/Users/naveen/.m2/repository/javax/xml/bind/jaxb-api/2.2.12/jaxb-api-2.2.12.jar:/Users/naveen/.m2/repository/com/sun/xml/bind/jaxb-osgi/2.2.10/jaxb-osgi-2.2.10.jar:/Users/naveen/.m2/repository/org/apache/sling/org.apache.sling.javax.activation/0.1.0/org.apache.sling.javax.activation-0.1.0.jar:/Users/naveen/.m2/repository/javax/activation/activation/1.1.1/activation-1.1.1.jar:/Users/naveen/.m2/repository/junit/junit/4.12/junit-4.12.jar:/Users/naveen/.m2/repository/com/tngtech/junit/dataprovider/junit4-dataprovider/2.4/junit4-dataprovider-2.4.jar:/Users/naveen/.m2/repository/com/tngtech/junit/dataprovider/junit-dataprovider-core/2.4/junit-dataprovider-core-2.4.jar:/Users/naveen/.m2/repository/com/github/spotbugs/spotbugs-annotations/3.1.5/spotbugs-annotations-3.1.5.jar:/Users/naveen/.m2/repository/com/google/code/findbugs/jsr305/3.0.2/jsr305-3.0.2.jar:/Users/naveen/.m2/repository/org/testng/testng/6.14.3/testng-6.14.3.jar:/Users/naveen/.m2/repository/com/beust/jcommander/1.72/jcommander-1.72.jar:/Users/naveen/.m2/repository/org/apache-extras/beanshell/bsh/2.0b6/bsh-2.0b6.jar:/Users/naveen/.m2/repository/com/fasterxml/jackson/core/jackson-databind/2.9.8/jackson-databind-2.9.8.jar:/Users/naveen/.m2/repository/com/fasterxml/jackson/core/jackson-annotations/2.9.0/jackson-annotations-2.9.0.jar:/Users/naveen/.m2/repository/com/fasterxml/jackson/core/jackson-core/2.9.8/jackson-core-2.9.8.jar:/Users/naveen/.m2/repository/com/github/tomakehurst/wiremock-jre8/2.21.0/wiremock-jre8-2.21.0.jar:/Users/naveen/.m2/repository/org/eclipse/jetty/jetty-server/9.4.14.v20181114/jetty-server-9.4.14.v20181114.jar:/Users/naveen/.m2/repository/javax/servlet/javax.servlet-api/3.1.0/javax.servlet-api-3.1.0.jar:/Users/naveen/.m2/repository/org/eclipse/jetty/jetty-http/9.4.14.v20181114/jetty-http-9.4.14.v20181114.jar:/Users/naveen/.m2/repository/org/eclipse/jetty/jetty-io/9.4.14.v20181114/jetty-io-9.4.14.v20181114.jar:/Users/naveen/.m2/repository/org/eclipse/jetty/jetty-servlet/9.4.14.v20181114/jetty-servlet-9.4.14.v20181114.jar:/Users/naveen/.m2/repository/org/eclipse/jetty/jetty-security/9.4.14.v20181114/jetty-security-9.4.14.v20181114.jar:/Users/naveen/.m2/repository/org/eclipse/jetty/jetty-servlets/9.4.14.v20181114/jetty-servlets-9.4.14.v20181114.jar:/Users/naveen/.m2/repository/org/eclipse/jetty/jetty-continuation/9.4.14.v20181114/jetty-continuation-9.4.14.v20181114.jar:/Users/naveen/.m2/repository/org/eclipse/jetty/jetty-util/9.4.14.v20181114/jetty-util-9.4.14.v20181114.jar:/Users/naveen/.m2/repository/org/eclipse/jetty/jetty-webapp/9.4.14.v20181114/jetty-webapp-9.4.14.v20181114.jar:/Users/naveen/.m2/repository/org/eclipse/jetty/jetty-xml/9.4.14.v20181114/jetty-xml-9.4.14.v20181114.jar:/Users/naveen/.m2/repository/com/google/guava/guava/27.0.1-jre/guava-27.0.1-jre.jar:/Users/naveen/.m2/repository/com/google/guava/failureaccess/1.0.1/failureaccess-1.0.1.jar:/Users/naveen/.m2/repository/com/google/guava/listenablefuture/9999.0-empty-to-avoid-conflict-with-guava/listenablefuture-9999.0-empty-to-avoid-conflict-with-guava.jar:/Users/naveen/.m2/repository/org/checkerframework/checker-qual/2.5.2/checker-qual-2.5.2.jar:/Users/naveen/.m2/repository/com/google/errorprone/error_prone_annotations/2.2.0/error_prone_annotations-2.2.0.jar:/Users/naveen/.m2/repository/com/google/j2objc/j2objc-annotations/1.1/j2objc-annotations-1.1.jar:/Users/naveen/.m2/repository/org/codehaus/mojo/animal-sniffer-annotations/1.17/animal-sniffer-annotations-1.17.jar:/Users/naveen/.m2/repository/org/xmlunit/xmlunit-core/2.5.1/xmlunit-core-2.5.1.jar:/Users/naveen/.m2/repository/org/xmlunit/xmlunit-legacy/2.5.1/xmlunit-legacy-2.5.1.jar:/Users/naveen/.m2/repository/com/jayway/jsonpath/json-path/2.4.0/json-path-2.4.0.jar:/Users/naveen/.m2/repository/net/minidev/json-smart/2.3/json-smart-2.3.jar:/Users/naveen/.m2/repository/net/minidev/accessors-smart/1.2/accessors-smart-1.2.jar:/Users/naveen/.m2/repository/org/ow2/asm/asm/7.0/asm-7.0.jar:/Users/naveen/.m2/repository/org/slf4j/slf4j-api/1.7.12/slf4j-api-1.7.12.jar:/Users/naveen/.m2/repository/net/sf/jopt-simple/jopt-simple/5.0.3/jopt-simple-5.0.3.jar:/Users/naveen/.m2/repository/org/apache/commons/commons-lang3/3.7/commons-lang3-3.7.jar:/Users/naveen/.m2/repository/com/flipkart/zjsonpatch/zjsonpatch/0.4.4/zjsonpatch-0.4.4.jar:/Users/naveen/.m2/repository/com/github/jknack/handlebars/4.1.2/handlebars-4.1.2.jar:/Users/naveen/.m2/repository/com/github/jknack/handlebars-helpers/4.1.2/handlebars-helpers-4.1.2.jar:/Users/naveen/.m2/repository/org/apache/maven/surefire/surefire-testng/2.22.1/surefire-testng-2.22.1.jar:/Users/naveen/.m2/repository/org/apache/maven/surefire/common-java5/2.22.1/common-java5-2.22.1.jar:/Users/naveen/.m2/repository/org/apache/maven/surefire/surefire-testng-utils/2.22.1/surefire-testng-utils-2.22.1.jar:/Users/naveen/.m2/repository/org/apache/maven/surefire/surefire-grouper/2.22.1/surefire-grouper-2.22.1.jar:/Users/naveen/.m2/repository/org/aspectj/aspectjweaver/1.8.10/aspectjweaver-1.8.10.jar"/>
    <property name="java.vm.vendor" value="Oracle Corporation"/>
    <property name="sun.arch.data.model" value="64"/>
    <property name="java.vendor.url" value="http://java.oracle.com/"/>
    <property name="user.timezone" value=""/>
    <property name="java.vm.specification.version" value="1.8"/>
    <property name="os.name" value="Mac OS X"/>
    <property name="user.country" value="US"/>
    <property name="sun.java.launcher" value="SUN_STANDARD"/>
    <property name="sun.boot.library.path" value="/Library/Java/JavaVirtualMachines/jdk1.8.0_241.jdk/Contents/Home/jre/lib"/>
    <property name="sun.java.command" value="org.apache.maven.surefire.booter.ForkedBooter /Users/naveen/RestAssuredSample/target/surefire 2020-05-17T07-45-42_332-jvmRun1 surefire1927530426859694629tmp surefire_07748243445851739976tmp"/>
    <property name="http.nonProxyHosts" value="local|*.local|169.254/16|*.169.254/16"/>
    <property name="test" value="*"/>
    <property name="surefire.test.class.path" value="/Users/naveen/RestAssuredSample/target/test-classes:/Users/naveen/RestAssuredSample/target/classes:/Users/naveen/.m2/repository/io/rest-assured/rest-assured/3.3.0/rest-assured-3.3.0.jar:/Users/naveen/.m2/repository/org/codehaus/groovy/groovy/2.4.15/groovy-2.4.15.jar:/Users/naveen/.m2/repository/org/codehaus/groovy/groovy-xml/2.4.15/groovy-xml-2.4.15.jar:/Users/naveen/.m2/repository/org/apache/httpcomponents/httpclient/4.5.3/httpclient-4.5.3.jar:/Users/naveen/.m2/repository/org/apache/httpcomponents/httpcore/4.4.6/httpcore-4.4.6.jar:/Users/naveen/.m2/repository/commons-logging/commons-logging/1.2/commons-logging-1.2.jar:/Users/naveen/.m2/repository/commons-codec/commons-codec/1.9/commons-codec-1.9.jar:/Users/naveen/.m2/repository/org/apache/httpcomponents/httpmime/4.5.3/httpmime-4.5.3.jar:/Users/naveen/.m2/repository/org/hamcrest/hamcrest-core/1.3/hamcrest-core-1.3.jar:/Users/naveen/.m2/repository/org/hamcrest/hamcrest-library/1.3/hamcrest-library-1.3.jar:/Users/naveen/.m2/repository/org/ccil/cowan/tagsoup/tagsoup/1.2.1/tagsoup-1.2.1.jar:/Users/naveen/.m2/repository/io/rest-assured/json-path/3.3.0/json-path-3.3.0.jar:/Users/naveen/.m2/repository/org/codehaus/groovy/groovy-json/2.4.15/groovy-json-2.4.15.jar:/Users/naveen/.m2/repository/io/rest-assured/rest-assured-common/3.3.0/rest-assured-common-3.3.0.jar:/Users/naveen/.m2/repository/io/rest-assured/xml-path/3.3.0/xml-path-3.3.0.jar:/Users/naveen/.m2/repository/javax/xml/bind/jaxb-api/2.2.12/jaxb-api-2.2.12.jar:/Users/naveen/.m2/repository/com/sun/xml/bind/jaxb-osgi/2.2.10/jaxb-osgi-2.2.10.jar:/Users/naveen/.m2/repository/org/apache/sling/org.apache.sling.javax.activation/0.1.0/org.apache.sling.javax.activation-0.1.0.jar:/Users/naveen/.m2/repository/javax/activation/activation/1.1.1/activation-1.1.1.jar:/Users/naveen/.m2/repository/junit/junit/4.12/junit-4.12.jar:/Users/naveen/.m2/repository/com/tngtech/junit/dataprovider/junit4-dataprovider/2.4/junit4-dataprovider-2.4.jar:/Users/naveen/.m2/repository/com/tngtech/junit/dataprovider/junit-dataprovider-core/2.4/junit-dataprovider-core-2.4.jar:/Users/naveen/.m2/repository/com/github/spotbugs/spotbugs-annotations/3.1.5/spotbugs-annotations-3.1.5.jar:/Users/naveen/.m2/repository/com/google/code/findbugs/jsr305/3.0.2/jsr305-3.0.2.jar:/Users/naveen/.m2/repository/org/testng/testng/6.14.3/testng-6.14.3.jar:/Users/naveen/.m2/repository/com/beust/jcommander/1.72/jcommander-1.72.jar:/Users/naveen/.m2/repository/org/apache-extras/beanshell/bsh/2.0b6/bsh-2.0b6.jar:/Users/naveen/.m2/repository/com/fasterxml/jackson/core/jackson-databind/2.9.8/jackson-databind-2.9.8.jar:/Users/naveen/.m2/repository/com/fasterxml/jackson/core/jackson-annotations/2.9.0/jackson-annotations-2.9.0.jar:/Users/naveen/.m2/repository/com/fasterxml/jackson/core/jackson-core/2.9.8/jackson-core-2.9.8.jar:/Users/naveen/.m2/repository/com/github/tomakehurst/wiremock-jre8/2.21.0/wiremock-jre8-2.21.0.jar:/Users/naveen/.m2/repository/org/eclipse/jetty/jetty-server/9.4.14.v20181114/jetty-server-9.4.14.v20181114.jar:/Users/naveen/.m2/repository/javax/servlet/javax.servlet-api/3.1.0/javax.servlet-api-3.1.0.jar:/Users/naveen/.m2/repository/org/eclipse/jetty/jetty-http/9.4.14.v20181114/jetty-http-9.4.14.v20181114.jar:/Users/naveen/.m2/repository/org/eclipse/jetty/jetty-io/9.4.14.v20181114/jetty-io-9.4.14.v20181114.jar:/Users/naveen/.m2/repository/org/eclipse/jetty/jetty-servlet/9.4.14.v20181114/jetty-servlet-9.4.14.v20181114.jar:/Users/naveen/.m2/repository/org/eclipse/jetty/jetty-security/9.4.14.v20181114/jetty-security-9.4.14.v20181114.jar:/Users/naveen/.m2/repository/org/eclipse/jetty/jetty-servlets/9.4.14.v20181114/jetty-servlets-9.4.14.v20181114.jar:/Users/naveen/.m2/repository/org/eclipse/jetty/jetty-continuation/9.4.14.v20181114/jetty-continuation-9.4.14.v20181114.jar:/Users/naveen/.m2/repository/org/eclipse/jetty/jetty-util/9.4.14.v20181114/jetty-util-9.4.14.v20181114.jar:/Users/naveen/.m2/repository/org/eclipse/jetty/jetty-webapp/9.4.14.v20181114/jetty-webapp-9.4.14.v20181114.jar:/Users/naveen/.m2/repository/org/eclipse/jetty/jetty-xml/9.4.14.v20181114/jetty-xml-9.4.14.v20181114.jar:/Users/naveen/.m2/repository/com/google/guava/guava/27.0.1-jre/guava-27.0.1-jre.jar:/Users/naveen/.m2/repository/com/google/guava/failureaccess/1.0.1/failureaccess-1.0.1.jar:/Users/naveen/.m2/repository/com/google/guava/listenablefuture/9999.0-empty-to-avoid-conflict-with-guava/listenablefuture-9999.0-empty-to-avoid-conflict-with-guava.jar:/Users/naveen/.m2/repository/org/checkerframework/checker-qual/2.5.2/checker-qual-2.5.2.jar:/Users/naveen/.m2/repository/com/google/errorprone/error_prone_annotations/2.2.0/error_prone_annotations-2.2.0.jar:/Users/naveen/.m2/repository/com/google/j2objc/j2objc-annotations/1.1/j2objc-annotations-1.1.jar:/Users/naveen/.m2/repository/org/codehaus/mojo/animal-sniffer-annotations/1.17/animal-sniffer-annotations-1.17.jar:/Users/naveen/.m2/repository/org/xmlunit/xmlunit-core/2.5.1/xmlunit-core-2.5.1.jar:/Users/naveen/.m2/repository/org/xmlunit/xmlunit-legacy/2.5.1/xmlunit-legacy-2.5.1.jar:/Users/naveen/.m2/repository/com/jayway/jsonpath/json-path/2.4.0/json-path-2.4.0.jar:/Users/naveen/.m2/repository/net/minidev/json-smart/2.3/json-smart-2.3.jar:/Users/naveen/.m2/repository/net/minidev/accessors-smart/1.2/accessors-smart-1.2.jar:/Users/naveen/.m2/repository/org/ow2/asm/asm/7.0/asm-7.0.jar:/Users/naveen/.m2/repository/org/slf4j/slf4j-api/1.7.12/slf4j-api-1.7.12.jar:/Users/naveen/.m2/repository/net/sf/jopt-simple/jopt-simple/5.0.3/jopt-simple-5.0.3.jar:/Users/naveen/.m2/repository/org/apache/commons/commons-lang3/3.7/commons-lang3-3.7.jar:/Users/naveen/.m2/repository/com/flipkart/zjsonpatch/zjsonpatch/0.4.4/zjsonpatch-0.4.4.jar:/Users/naveen/.m2/repository/com/github/jknack/handlebars/4.1.2/handlebars-4.1.2.jar:/Users/naveen/.m2/repository/com/github/jknack/handlebars-helpers/4.1.2/handlebars-helpers-4.1.2.jar:"/>
    <property name="sun.cpu.endian" value="little"/>
    <property name="user.home" value="/Users/naveen"/>
    <property name="user.language" value="en"/>
    <property name="java.specification.vendor" value="Oracle Corporation"/>
    <property name="java.home" value="/Library/Java/JavaVirtualMachines/jdk1.8.0_241.jdk/Contents/Home/jre"/>
    <property name="basedir" value="/Users/naveen/RestAssuredSample"/>
    <property name="file.separator" value="/"/>
    <property name="line.separator" value="&#10;"/>
    <property name="java.vm.specification.vendor" value="Oracle Corporation"/>
    <property name="java.specification.name" value="Java Platform API Specification"/>
    <property name="java.awt.graphicsenv" value="sun.awt.CGraphicsEnvironment"/>
    <property name="sun.boot.class.path" value="/Library/Java/JavaVirtualMachines/jdk1.8.0_241.jdk/Contents/Home/jre/lib/resources.jar:/Library/Java/JavaVirtualMachines/jdk1.8.0_241.jdk/Contents/Home/jre/lib/rt.jar:/Library/Java/JavaVirtualMachines/jdk1.8.0_241.jdk/Contents/Home/jre/lib/sunrsasign.jar:/Library/Java/JavaVirtualMachines/jdk1.8.0_241.jdk/Contents/Home/jre/lib/jsse.jar:/Library/Java/JavaVirtualMachines/jdk1.8.0_241.jdk/Contents/Home/jre/lib/jce.jar:/Library/Java/JavaVirtualMachines/jdk1.8.0_241.jdk/Contents/Home/jre/lib/charsets.jar:/Library/Java/JavaVirtualMachines/jdk1.8.0_241.jdk/Contents/Home/jre/lib/jfr.jar:/Library/Java/JavaVirtualMachines/jdk1.8.0_241.jdk/Contents/Home/jre/classes"/>
    <property name="sun.management.compiler" value="HotSpot 64-Bit Tiered Compilers"/>
    <property name="ftp.nonProxyHosts" value="local|*.local|169.254/16|*.169.254/16"/>
    <property name="java.runtime.version" value="1.8.0_241-b07"/>
    <property name="user.name" value="naveen"/>
    <property name="path.separator" value=":"/>
    <property name="os.version" value="10.13.6"/>
    <property name="java.endorsed.dirs" value="/Library/Java/JavaVirtualMachines/jdk1.8.0_241.jdk/Contents/Home/jre/lib/endorsed"/>
    <property name="java.runtime.name" value="Java(TM) SE Runtime Environment"/>
    <property name="file.encoding" value="UTF-8"/>
    <property name="java.vm.name" value="Java HotSpot(TM) 64-Bit Server VM"/>
    <property name="localRepository" value="/Users/naveen/.m2/repository"/>
    <property name="java.vendor.url.bug" value="http://bugreport.sun.com/bugreport/"/>
    <property name="java.io.tmpdir" value="/var/folders/81/kwx53cnx577g846_v2yh_fph0000gn/T/"/>
    <property name="java.version" value="1.8.0_241"/>
    <property name="user.dir" value="/Users/naveen/RestAssuredSample"/>
    <property name="os.arch" value="x86_64"/>
    <property name="java.vm.specification.name" value="Java Virtual Machine Specification"/>
    <property name="java.awt.printerjob" value="sun.lwawt.macosx.CPrinterJob"/>
    <property name="sun.os.patch.level" value="unknown"/>
    <property name="java.library.path" value="/Users/naveen/Library/Java/Extensions:/Library/Java/Extensions:/Network/Library/Java/Extensions:/System/Library/Java/Extensions:/usr/lib/java:."/>
    <property name="java.vm.info" value="mixed mode"/>
    <property name="java.vendor" value="Oracle Corporation"/>
    <property name="java.vm.version" value="25.241-b07"/>
    <property name="java.ext.dirs" value="/Users/naveen/Library/Java/Extensions:/Library/Java/JavaVirtualMachines/jdk1.8.0_241.jdk/Contents/Home/jre/lib/ext:/Library/Java/Extensions:/Network/Library/Java/Extensions:/System/Library/Java/Extensions:/usr/lib/java"/>
    <property name="sun.io.unicode.encoding" value="UnicodeBig"/>
    <property name="java.class.version" value="52.0"/>
    <property name="socksNonProxyHosts" value="local|*.local|169.254/16|*.169.254/16"/>
  </properties>
  <testcase name="testpoc" classname="com.sample.TestCases.getWithAssertion" time="0.01"/>
  <testcase name="getLondonWeatherQuery" classname="com.sample.TestCases.getweatherapp" time="4.696"/>
  <testcase name="getLosAnglesWeatherQuery" classname="com.sample.TestCases.getweatherapp" time="0.327"/>
</testsuite>