<?xml version="1.0" encoding="UTF-8"?>
<!-- Generated by org.testng.reporters.JUnitReportReporter -->
<testsuite skipped="0" hostname="Naveens-MacBook-Air.local" name="com.sample.TestCases.getweatherapp" tests="2" failures="0" timestamp="17 May 2020 14:45:49 GMT" time="5.024" errors="0">
  <testcase name="getLondonWeatherQuery" time="4.698" classname="com.sample.TestCases.getweatherapp"/>
  <testcase name="getLosAnglesWeatherQuery" time="0.326" classname="com.sample.TestCases.getweatherapp"/>
</testsuite> <!-- com.sample.TestCases.getweatherapp -->
