<?xml version="1.0" encoding="UTF-8"?>
<!-- Generated by org.testng.reporters.JUnitReportReporter -->
<testsuite skipped="2" hostname="Naveens-MacBook-Air.local" name="com.sample.TestCases.getWithAssertion" tests="3" failures="0" timestamp="17 May 2020 14:45:49 GMT" time="0.011" errors="0">
  <testcase name="testpoc" time="0.011" classname="com.sample.TestCases.getWithAssertion"/>
  <testcase name="getAllVideoGames" classname="com.sample.TestCases.getWithAssertion">
    <skipped/>
  </testcase> <!-- getAllVideoGames -->
  <testcase name="getVideoGames" classname="com.sample.TestCases.getWithAssertion">
    <skipped/>
  </testcase> <!-- getVideoGames -->
</testsuite> <!-- com.sample.TestCases.getWithAssertion -->
